This is pdfTeX, Version 3.1415926-2.5-1.40.14 (TeX Live 2013/MacPorts 2013_4) (format=pdflatex 2013.7.25)  6 FEB 2014 11:43
entering extended mode
 restricted \write18 enabled.
 %&-line parsing enabled.
**\input defense.tex
(./defense.tex (/opt/local/share/texmf-texlive/tex/latex/beamer/beamer.cls
(/opt/local/share/texmf-texlive/tex/latex/beamer/beamerbasercs.sty
Package: beamerbasercs 2013/01/04 (rcs-revision 9a97a4eee358)
)
Document Class: beamer 2013/01/04 3.26 A class for typesetting presentations (r
cs-revision e81e0c94bcc6)
(/opt/local/share/texmf-texlive/tex/latex/beamer/beamerbasemodes.sty
Package: beamerbasemodes 2012/04/15 (rcs-revision cc6557182d97)
\beamer@tempbox=\box26
\beamer@tempcount=\count79
\c@beamerpauses=\count80

(/opt/local/share/texmf-texlive/tex/latex/beamer/beamerbasedecode.sty
Package: beamerbasedecode 2010/05/01 (rcs-revision efa082c6111d)
\beamer@slideinframe=\count81
\beamer@minimum=\count82
)
\beamer@commentbox=\box27
\beamer@modecount=\count83
)
(/opt/local/share/texmf-texlive/tex/generic/oberdiek/ifpdf.sty
Package: ifpdf 2011/01/30 v2.3 Provides the ifpdf switch (HO)
Package ifpdf Info: pdfTeX in PDF mode is detected.
)
\headheight=\dimen102
\headdp=\dimen103
\footheight=\dimen104
\sidebarheight=\dimen105
\beamer@tempdim=\dimen106
\beamer@finalheight=\dimen107
\beamer@animht=\dimen108
\beamer@animdp=\dimen109
\beamer@animwd=\dimen110
\beamer@leftmargin=\dimen111
\beamer@rightmargin=\dimen112
\beamer@leftsidebar=\dimen113
\beamer@rightsidebar=\dimen114
\beamer@boxsize=\dimen115
\beamer@vboxoffset=\dimen116
\beamer@descdefault=\dimen117
\beamer@descriptionwidth=\dimen118
\beamer@lastskip=\skip41
\beamer@areabox=\box28
\beamer@animcurrent=\box29
\beamer@animshowbox=\box30
\beamer@sectionbox=\box31
\beamer@logobox=\box32
\beamer@linebox=\box33
\beamer@sectioncount=\count84
\beamer@subsubsectionmax=\count85
\beamer@subsectionmax=\count86
\beamer@sectionmax=\count87
\beamer@totalheads=\count88
\beamer@headcounter=\count89
\beamer@partstartpage=\count90
\beamer@sectionstartpage=\count91
\beamer@subsectionstartpage=\count92
\beamer@animationtempa=\count93
\beamer@animationtempb=\count94
\beamer@xpos=\count95
\beamer@ypos=\count96
\beamer@showpartnumber=\count97
\beamer@currentsubsection=\count98
\beamer@coveringdepth=\count99
\beamer@sectionadjust=\count100
\beamer@tocsectionnumber=\count101

(/opt/local/share/texmf-texlive/tex/latex/beamer/beamerbaseoptions.sty
Package: beamerbaseoptions 2010/04/27 (rcs-revision 982469101dd6)

(/opt/local/share/texmf-texlive/tex/latex/graphics/keyval.sty
Package: keyval 1999/03/16 v1.13 key=value parser (DPC)
\KV@toks@=\toks14
))
\beamer@paperwidth=\skip42
\beamer@paperheight=\skip43

(/opt/local/share/texmf-texlive/tex/latex/geometry/geometry.sty
Package: geometry 2010/09/12 v5.6 Page Geometry

(/opt/local/share/texmf-texlive/tex/generic/oberdiek/ifvtex.sty
Package: ifvtex 2010/03/01 v1.5 Detect VTeX and its facilities (HO)
Package ifvtex Info: VTeX not detected.
)
(/opt/local/share/texmf-texlive/tex/generic/ifxetex/ifxetex.sty
Package: ifxetex 2010/09/12 v0.6 Provides ifxetex conditional
)
\Gm@cnth=\count102
\Gm@cntv=\count103
\c@Gm@tempcnt=\count104
\Gm@bindingoffset=\dimen119
\Gm@wd@mp=\dimen120
\Gm@odd@mp=\dimen121
\Gm@even@mp=\dimen122
\Gm@layoutwidth=\dimen123
\Gm@layoutheight=\dimen124
\Gm@layouthoffset=\dimen125
\Gm@layoutvoffset=\dimen126
\Gm@dimlist=\toks15
)
(/opt/local/share/texmf-texlive/tex/latex/base/size11.clo
File: size11.clo 2007/10/19 v1.4h Standard LaTeX file (size option)
)
(/opt/local/share/texmf/tex/latex/pgf/basiclayer/pgfcore.sty
(/opt/local/share/texmf-texlive/tex/latex/graphics/graphicx.sty
Package: graphicx 1999/02/16 v1.0f Enhanced LaTeX Graphics (DPC,SPQR)

(/opt/local/share/texmf-texlive/tex/latex/graphics/graphics.sty
Package: graphics 2009/02/05 v1.0o Standard LaTeX Graphics (DPC,SPQR)

(/opt/local/share/texmf-texlive/tex/latex/graphics/trig.sty
Package: trig 1999/03/16 v1.09 sin cos tan (DPC)
)
(/opt/local/share/texmf-texlive/tex/latex/latexconfig/graphics.cfg
File: graphics.cfg 2010/04/23 v1.9 graphics configuration of TeX Live
)
Package graphics Info: Driver file: pdftex.def on input line 91.

(/opt/local/share/texmf-texlive/tex/latex/pdftex-def/pdftex.def
File: pdftex.def 2011/05/27 v0.06d Graphics/color for pdfTeX

(/opt/local/share/texmf-texlive/tex/generic/oberdiek/infwarerr.sty
Package: infwarerr 2010/04/08 v1.3 Providing info/warning/error messages (HO)
)
(/opt/local/share/texmf-texlive/tex/generic/oberdiek/ltxcmds.sty
Package: ltxcmds 2011/11/09 v1.22 LaTeX kernel commands for general use (HO)
)
\Gread@gobject=\count105
))
\Gin@req@height=\dimen127
\Gin@req@width=\dimen128
)
(/opt/local/share/texmf/tex/latex/pgf/systemlayer/pgfsys.sty
(/opt/local/share/texmf/tex/latex/pgf/utilities/pgfrcs.sty
(/opt/local/share/texmf/tex/generic/pgf/utilities/pgfutil-common.tex
\pgfutil@everybye=\toks16
)
(/opt/local/share/texmf/tex/generic/pgf/utilities/pgfutil-latex.def
\pgfutil@abb=\box34

(/opt/local/share/texmf-texlive/tex/latex/ms/everyshi.sty
Package: everyshi 2001/05/15 v3.00 EveryShipout Package (MS)
))
(/opt/local/share/texmf/tex/generic/pgf/utilities/pgfrcs.code.tex
Package: pgfrcs 2010/10/25 v2.10 (rcs-revision 1.24)
))
(/opt/local/share/texmf/tex/generic/pgf/systemlayer/pgfsys.code.tex
Package: pgfsys 2010/06/30 v2.10 (rcs-revision 1.37)

(/opt/local/share/texmf/tex/generic/pgf/utilities/pgfkeys.code.tex
\pgfkeys@pathtoks=\toks17
\pgfkeys@temptoks=\toks18

(/opt/local/share/texmf/tex/generic/pgf/utilities/pgfkeysfiltered.code.tex
\pgfkeys@tmptoks=\toks19
))
\pgf@x=\dimen129
\pgf@y=\dimen130
\pgf@xa=\dimen131
\pgf@ya=\dimen132
\pgf@xb=\dimen133
\pgf@yb=\dimen134
\pgf@xc=\dimen135
\pgf@yc=\dimen136
\w@pgf@writea=\write3
\r@pgf@reada=\read1
\c@pgf@counta=\count106
\c@pgf@countb=\count107
\c@pgf@countc=\count108
\c@pgf@countd=\count109

(/opt/local/share/texmf/tex/generic/pgf/systemlayer/pgf.cfg
File: pgf.cfg 2008/05/14  (rcs-revision 1.7)
)
Package pgfsys Info: Driver file for pgf: pgfsys-pdftex.def on input line 900.

(/opt/local/share/texmf/tex/generic/pgf/systemlayer/pgfsys-pdftex.def
File: pgfsys-pdftex.def 2009/05/22  (rcs-revision 1.26)

(/opt/local/share/texmf/tex/generic/pgf/systemlayer/pgfsys-common-pdf.def
File: pgfsys-common-pdf.def 2008/05/19  (rcs-revision 1.10)
)))
(/opt/local/share/texmf/tex/generic/pgf/systemlayer/pgfsyssoftpath.code.tex
File: pgfsyssoftpath.code.tex 2008/07/18  (rcs-revision 1.7)
\pgfsyssoftpath@smallbuffer@items=\count110
\pgfsyssoftpath@bigbuffer@items=\count111
)
(/opt/local/share/texmf/tex/generic/pgf/systemlayer/pgfsysprotocol.code.tex
File: pgfsysprotocol.code.tex 2006/10/16  (rcs-revision 1.4)
))
(/opt/local/share/texmf-texlive/tex/latex/xcolor/xcolor.sty
Package: xcolor 2007/01/21 v2.11 LaTeX color extensions (UK)

(/opt/local/share/texmf-texlive/tex/latex/latexconfig/color.cfg
File: color.cfg 2007/01/18 v1.5 color configuration of teTeX/TeXLive
)
Package xcolor Info: Driver file: pdftex.def on input line 225.
Package xcolor Info: Model `cmy' substituted by `cmy0' on input line 1337.
Package xcolor Info: Model `hsb' substituted by `rgb' on input line 1341.
Package xcolor Info: Model `RGB' extended on input line 1353.
Package xcolor Info: Model `HTML' substituted by `rgb' on input line 1355.
Package xcolor Info: Model `Hsb' substituted by `hsb' on input line 1356.
Package xcolor Info: Model `tHsb' substituted by `hsb' on input line 1357.
Package xcolor Info: Model `HSB' substituted by `hsb' on input line 1358.
Package xcolor Info: Model `Gray' substituted by `gray' on input line 1359.
Package xcolor Info: Model `wave' substituted by `hsb' on input line 1360.
)
(/opt/local/share/texmf/tex/generic/pgf/basiclayer/pgfcore.code.tex
Package: pgfcore 2010/04/11 v2.10 (rcs-revision 1.7)

(/opt/local/share/texmf/tex/generic/pgf/math/pgfmath.code.tex
(/opt/local/share/texmf/tex/generic/pgf/math/pgfmathcalc.code.tex
(/opt/local/share/texmf/tex/generic/pgf/math/pgfmathutil.code.tex)
(/opt/local/share/texmf/tex/generic/pgf/math/pgfmathparser.code.tex
\pgfmath@dimen=\dimen137
\pgfmath@count=\count112
\pgfmath@box=\box35
\pgfmath@toks=\toks20
\pgfmath@stack@operand=\toks21
\pgfmath@stack@operation=\toks22
)
(/opt/local/share/texmf/tex/generic/pgf/math/pgfmathfunctions.code.tex
(/opt/local/share/texmf/tex/generic/pgf/math/pgfmathfunctions.basic.code.tex)
(/opt/local/share/texmf/tex/generic/pgf/math/pgfmathfunctions.trigonometric.cod
e.tex)
(/opt/local/share/texmf/tex/generic/pgf/math/pgfmathfunctions.random.code.tex)
(/opt/local/share/texmf/tex/generic/pgf/math/pgfmathfunctions.comparison.code.t
ex) (/opt/local/share/texmf/tex/generic/pgf/math/pgfmathfunctions.base.code.tex
) (/opt/local/share/texmf/tex/generic/pgf/math/pgfmathfunctions.round.code.tex)
(/opt/local/share/texmf/tex/generic/pgf/math/pgfmathfunctions.misc.code.tex)))
(/opt/local/share/texmf/tex/generic/pgf/math/pgfmathfloat.code.tex
\c@pgfmathroundto@lastzeros=\count113
))
(/opt/local/share/texmf/tex/generic/pgf/basiclayer/pgfcorepoints.code.tex
File: pgfcorepoints.code.tex 2010/04/09  (rcs-revision 1.20)
\pgf@picminx=\dimen138
\pgf@picmaxx=\dimen139
\pgf@picminy=\dimen140
\pgf@picmaxy=\dimen141
\pgf@pathminx=\dimen142
\pgf@pathmaxx=\dimen143
\pgf@pathminy=\dimen144
\pgf@pathmaxy=\dimen145
\pgf@xx=\dimen146
\pgf@xy=\dimen147
\pgf@yx=\dimen148
\pgf@yy=\dimen149
\pgf@zx=\dimen150
\pgf@zy=\dimen151
)
(/opt/local/share/texmf/tex/generic/pgf/basiclayer/pgfcorepathconstruct.code.te
x
File: pgfcorepathconstruct.code.tex 2010/08/03  (rcs-revision 1.24)
\pgf@path@lastx=\dimen152
\pgf@path@lasty=\dimen153
) (/opt/local/share/texmf/tex/generic/pgf/basiclayer/pgfcorepathusage.code.tex
File: pgfcorepathusage.code.tex 2008/04/22  (rcs-revision 1.12)
\pgf@shorten@end@additional=\dimen154
\pgf@shorten@start@additional=\dimen155
) (/opt/local/share/texmf/tex/generic/pgf/basiclayer/pgfcorescopes.code.tex
File: pgfcorescopes.code.tex 2010/09/08  (rcs-revision 1.34)
\pgfpic=\box36
\pgf@hbox=\box37
\pgf@layerbox@main=\box38
\pgf@picture@serial@count=\count114
)
(/opt/local/share/texmf/tex/generic/pgf/basiclayer/pgfcoregraphicstate.code.tex
File: pgfcoregraphicstate.code.tex 2008/04/22  (rcs-revision 1.9)
\pgflinewidth=\dimen156
)
(/opt/local/share/texmf/tex/generic/pgf/basiclayer/pgfcoretransformations.code.
tex
File: pgfcoretransformations.code.tex 2009/06/10  (rcs-revision 1.11)
\pgf@pt@x=\dimen157
\pgf@pt@y=\dimen158
\pgf@pt@temp=\dimen159
) (/opt/local/share/texmf/tex/generic/pgf/basiclayer/pgfcorequick.code.tex
File: pgfcorequick.code.tex 2008/10/09  (rcs-revision 1.3)
)
(/opt/local/share/texmf/tex/generic/pgf/basiclayer/pgfcoreobjects.code.tex
File: pgfcoreobjects.code.tex 2006/10/11  (rcs-revision 1.2)
)
(/opt/local/share/texmf/tex/generic/pgf/basiclayer/pgfcorepathprocessing.code.t
ex
File: pgfcorepathprocessing.code.tex 2008/10/09  (rcs-revision 1.8)
) (/opt/local/share/texmf/tex/generic/pgf/basiclayer/pgfcorearrows.code.tex
File: pgfcorearrows.code.tex 2008/04/23  (rcs-revision 1.11)
)
(/opt/local/share/texmf/tex/generic/pgf/basiclayer/pgfcoreshade.code.tex
File: pgfcoreshade.code.tex 2008/11/23  (rcs-revision 1.13)
\pgf@max=\dimen160
\pgf@sys@shading@range@num=\count115
)
(/opt/local/share/texmf/tex/generic/pgf/basiclayer/pgfcoreimage.code.tex
File: pgfcoreimage.code.tex 2010/03/25  (rcs-revision 1.16)

(/opt/local/share/texmf/tex/generic/pgf/basiclayer/pgfcoreexternal.code.tex
File: pgfcoreexternal.code.tex 2010/09/01  (rcs-revision 1.17)
\pgfexternal@startupbox=\box39
))
(/opt/local/share/texmf/tex/generic/pgf/basiclayer/pgfcorelayers.code.tex
File: pgfcorelayers.code.tex 2010/08/27  (rcs-revision 1.2)
)
(/opt/local/share/texmf/tex/generic/pgf/basiclayer/pgfcoretransparency.code.tex
File: pgfcoretransparency.code.tex 2008/01/17  (rcs-revision 1.2)
) (/opt/local/share/texmf/tex/generic/pgf/basiclayer/pgfcorepatterns.code.tex
File: pgfcorepatterns.code.tex 2009/07/02  (rcs-revision 1.3)
))) (/opt/local/share/texmf/tex/latex/pgf/utilities/xxcolor.sty
Package: xxcolor 2003/10/24 ver 0.1
\XC@nummixins=\count116
\XC@countmixins=\count117
)
(/opt/local/share/texmf-texlive/tex/latex/hyperref/hyperref.sty
Package: hyperref 2012/11/06 v6.83m Hypertext links for LaTeX

(/opt/local/share/texmf-texlive/tex/generic/oberdiek/hobsub-hyperref.sty
Package: hobsub-hyperref 2012/05/28 v1.13 Bundle oberdiek, subset hyperref (HO)


(/opt/local/share/texmf-texlive/tex/generic/oberdiek/hobsub-generic.sty
Package: hobsub-generic 2012/05/28 v1.13 Bundle oberdiek, subset generic (HO)
Package: hobsub 2012/05/28 v1.13 Construct package bundles (HO)
Package hobsub Info: Skipping package `infwarerr' (already loaded).
Package hobsub Info: Skipping package `ltxcmds' (already loaded).
Package: ifluatex 2010/03/01 v1.3 Provides the ifluatex switch (HO)
Package ifluatex Info: LuaTeX not detected.
Package hobsub Info: Skipping package `ifvtex' (already loaded).
Package: intcalc 2007/09/27 v1.1 Expandable calculations with integers (HO)
Package hobsub Info: Skipping package `ifpdf' (already loaded).
Package: etexcmds 2011/02/16 v1.5 Avoid name clashes with e-TeX commands (HO)
Package etexcmds Info: Could not find \expanded.
(etexcmds)             That can mean that you are not using pdfTeX 1.50 or
(etexcmds)             that some package has redefined \expanded.
(etexcmds)             In the latter case, load this package earlier.
Package: kvsetkeys 2012/04/25 v1.16 Key value parser (HO)
Package: kvdefinekeys 2011/04/07 v1.3 Define keys (HO)
Package: pdftexcmds 2011/11/29 v0.20 Utility functions of pdfTeX for LuaTeX (HO
)
Package pdftexcmds Info: LuaTeX not detected.
Package pdftexcmds Info: \pdf@primitive is available.
Package pdftexcmds Info: \pdf@ifprimitive is available.
Package pdftexcmds Info: \pdfdraftmode found.
Package: pdfescape 2011/11/25 v1.13 Implements pdfTeX's escape features (HO)
Package: bigintcalc 2012/04/08 v1.3 Expandable calculations on big integers (HO
)
Package: bitset 2011/01/30 v1.1 Handle bit-vector datatype (HO)
Package: uniquecounter 2011/01/30 v1.2 Provide unlimited unique counter (HO)
)
Package hobsub Info: Skipping package `hobsub' (already loaded).
Package: letltxmacro 2010/09/02 v1.4 Let assignment for LaTeX macros (HO)
Package: hopatch 2012/05/28 v1.2 Wrapper for package hooks (HO)
Package: xcolor-patch 2011/01/30 xcolor patch
Package: atveryend 2011/06/30 v1.8 Hooks at the very end of document (HO)
Package atveryend Info: \enddocument detected (standard20110627).
Package: atbegshi 2011/10/05 v1.16 At begin shipout hook (HO)
Package: refcount 2011/10/16 v3.4 Data extraction from label references (HO)
Package: hycolor 2011/01/30 v1.7 Color options for hyperref/bookmark (HO)
)
(/opt/local/share/texmf-texlive/tex/latex/oberdiek/auxhook.sty
Package: auxhook 2011/03/04 v1.3 Hooks for auxiliary files (HO)
)
(/opt/local/share/texmf-texlive/tex/latex/oberdiek/kvoptions.sty
Package: kvoptions 2011/06/30 v3.11 Key value format for package options (HO)
)
\@linkdim=\dimen161
\Hy@linkcounter=\count118
\Hy@pagecounter=\count119

(/opt/local/share/texmf-texlive/tex/latex/hyperref/pd1enc.def
File: pd1enc.def 2012/11/06 v6.83m Hyperref: PDFDocEncoding definition (HO)
)
\Hy@SavedSpaceFactor=\count120

(/opt/local/share/texmf-texlive/tex/latex/latexconfig/hyperref.cfg
File: hyperref.cfg 2002/06/06 v1.2 hyperref configuration of TeXLive
)
Package hyperref Info: Option `bookmarks' set `true' on input line 4319.
Package hyperref Info: Option `bookmarksopen' set `true' on input line 4319.
Package hyperref Info: Option `implicit' set `false' on input line 4319.
Package hyperref Info: Hyper figures OFF on input line 4443.
Package hyperref Info: Link nesting OFF on input line 4448.
Package hyperref Info: Hyper index ON on input line 4451.
Package hyperref Info: Plain pages OFF on input line 4458.
Package hyperref Info: Backreferencing OFF on input line 4463.
Package hyperref Info: Implicit mode OFF; no redefinition of LaTeX internals.
Package hyperref Info: Bookmarks ON on input line 4688.
\c@Hy@tempcnt=\count121

(/opt/local/share/texmf-texlive/tex/latex/url/url.sty
\Urlmuskip=\muskip10
Package: url 2006/04/12  ver 3.3  Verb mode for urls, etc.
)
LaTeX Info: Redefining \url on input line 5041.
\XeTeXLinkMargin=\dimen162
\Fld@menulength=\count122
\Field@Width=\dimen163
\Fld@charsize=\dimen164
Package hyperref Info: Hyper figures OFF on input line 6295.
Package hyperref Info: Link nesting OFF on input line 6300.
Package hyperref Info: Hyper index ON on input line 6303.
Package hyperref Info: backreferencing OFF on input line 6310.
Package hyperref Info: Link coloring OFF on input line 6315.
Package hyperref Info: Link coloring with OCG OFF on input line 6320.
Package hyperref Info: PDF/A mode OFF on input line 6325.
LaTeX Info: Redefining \ref on input line 6365.
LaTeX Info: Redefining \pageref on input line 6369.
\Hy@abspage=\count123


Package hyperref Message: Stopped early.

)

Package hyperref Message: Driver (autodetected): hpdftex.

(/opt/local/share/texmf-texlive/tex/latex/hyperref/hpdftex.def
File: hpdftex.def 2012/11/06 v6.83m Hyperref driver for pdfTeX
\Fld@listcount=\count124
\c@bookmark@seq@number=\count125

(/opt/local/share/texmf-texlive/tex/latex/oberdiek/rerunfilecheck.sty
Package: rerunfilecheck 2011/04/15 v1.7 Rerun checks for auxiliary files (HO)
Package uniquecounter Info: New unique counter `rerunfilecheck' on input line 2
82.
))
(/opt/local/share/texmf-texlive/tex/latex/beamer/beamerbaserequires.sty
Package: beamerbaserequires 2010/05/01  (rcs-revision efa082c6111d)

(/opt/local/share/texmf-texlive/tex/latex/beamer/beamerbasecompatibility.sty
Package: beamerbasecompatibility 2012/05/01  (rcs-revision 67c48b3b652d)
)
(/opt/local/share/texmf-texlive/tex/latex/beamer/beamerbasefont.sty
Package: beamerbasefont 2012/09/19  (rcs-revision 733629cd0c6c)

(/opt/local/share/texmf-texlive/tex/latex/amsfonts/amssymb.sty
Package: amssymb 2013/01/14 v3.01 AMS font symbols

(/opt/local/share/texmf-texlive/tex/latex/amsfonts/amsfonts.sty
Package: amsfonts 2013/01/14 v3.01 Basic AMSFonts support
\@emptytoks=\toks23
\symAMSa=\mathgroup4
\symAMSb=\mathgroup5
LaTeX Font Info:    Overwriting math alphabet `\mathfrak' in version `bold'
(Font)                  U/euf/m/n --> U/euf/b/n on input line 106.
)))
(/opt/local/share/texmf-texlive/tex/latex/beamer/beamerbasetranslator.sty
Package: beamerbasetranslator 2010/06/11  (rcs-revision 85fd1cc7fc42)

(/opt/local/share/texmf-texlive/tex/latex/beamer/translator/translator.sty
Package: translator 2010/06/12 ver 1.10

(/opt/local/share/texmf-texlive/tex/latex/beamer/translator/translator-language
-mappings.tex)))
(/opt/local/share/texmf-texlive/tex/latex/beamer/beamerbasemisc.sty
Package: beamerbasemisc 2012/02/24  (rcs-revision 2ff5461be705)
)
(/opt/local/share/texmf-texlive/tex/latex/beamer/beamerbasetwoscreens.sty
Package: beamerbasetwoscreens 2010/05/01  (rcs-revision efa082c6111d)
)
(/opt/local/share/texmf-texlive/tex/latex/beamer/beamerbaseoverlay.sty
Package: beamerbaseoverlay 2012/11/11  (rcs-revision 6afbc49b1109)
\beamer@argscount=\count126
\beamer@lastskipcover=\skip44
\beamer@trivlistdepth=\count127
)
(/opt/local/share/texmf-texlive/tex/latex/beamer/beamerbasetitle.sty
Package: beamerbasetitle 2010/09/21  (rcs-revision f0446ed0b6ae)
)
(/opt/local/share/texmf-texlive/tex/latex/beamer/beamerbasesection.sty
Package: beamerbasesection 2013/01/04  (rcs-revision 54309ceef997)
\c@lecture=\count128
\c@part=\count129
\c@section=\count130
\c@subsection=\count131
\c@subsubsection=\count132
)
(/opt/local/share/texmf-texlive/tex/latex/beamer/beamerbaseframe.sty
Package: beamerbaseframe 2012/12/26  (rcs-revision 1443917db2cf)
\beamer@framebox=\box40
\beamer@frametitlebox=\box41
\beamer@zoombox=\box42
\beamer@zoomcount=\count133
\beamer@zoomframecount=\count134
\beamer@frametextheight=\dimen165
\c@subsectionslide=\count135
\beamer@frametopskip=\skip45
\beamer@framebottomskip=\skip46
\beamer@frametopskipautobreak=\skip47
\beamer@framebottomskipautobreak=\skip48
\beamer@envbody=\toks24
\framewidth=\dimen166
\c@framenumber=\count136
)
(/opt/local/share/texmf-texlive/tex/latex/beamer/beamerbaseverbatim.sty
Package: beamerbaseverbatim 2012/08/30  (rcs-revision dfdb135076b3)
\beamer@verbatimfileout=\write4
)
(/opt/local/share/texmf-texlive/tex/latex/beamer/beamerbaseframesize.sty
Package: beamerbaseframesize 2011/09/12  (rcs-revision 70f9d8411e54)
\beamer@splitbox=\box43
\beamer@autobreakcount=\count137
\beamer@autobreaklastheight=\dimen167
\beamer@frametitletoks=\toks25
\beamer@framesubtitletoks=\toks26
)
(/opt/local/share/texmf-texlive/tex/latex/beamer/beamerbaseframecomponents.sty
Package: beamerbaseframecomponents 2012/09/13  (rcs-revision dcd846607320)
\beamer@footins=\box44
) (/opt/local/share/texmf-texlive/tex/latex/beamer/beamerbasecolor.sty
Package: beamerbasecolor 2010/06/06  (rcs-revision d1a9b48be06d)
)
(/opt/local/share/texmf-texlive/tex/latex/beamer/beamerbasenotes.sty
Package: beamerbasenotes 2012/12/19  (rcs-revision 1686da3db3c9)
\beamer@frameboxcopy=\box45
)
(/opt/local/share/texmf-texlive/tex/latex/beamer/beamerbasetoc.sty
Package: beamerbasetoc 2012/10/02  (rcs-revision 5ed0f4010e8a)
)
(/opt/local/share/texmf-texlive/tex/latex/beamer/beamerbasetemplates.sty
Package: beamerbasetemplates 2010/05/01  (rcs-revision efa082c6111d)
\beamer@sbttoks=\toks27

(/opt/local/share/texmf-texlive/tex/latex/beamer/beamerbaseauxtemplates.sty
Package: beamerbaseauxtemplates 2012/05/01  (rcs-revision 67c48b3b652d)

(/opt/local/share/texmf-texlive/tex/latex/beamer/beamerbaseboxes.sty
Package: beamerbaseboxes 2012/05/13  (rcs-revision 56972908a390)
\bmb@box=\box46
\bmb@colorbox=\box47
\bmb@boxshadow=\box48
\bmb@boxshadowball=\box49
\bmb@boxshadowballlarge=\box50
\bmb@temp=\dimen168
\bmb@dima=\dimen169
\bmb@dimb=\dimen170
\bmb@prevheight=\dimen171
)
\beamer@blockheadheight=\dimen172
))
(/opt/local/share/texmf-texlive/tex/latex/beamer/beamerbaselocalstructure.sty
Package: beamerbaselocalstructure 2012/11/13  (rcs-revision ddfba79dac19)

(/opt/local/share/texmf-texlive/tex/latex/tools/enumerate.sty
Package: enumerate 1999/03/05 v3.00 enumerate extensions (DPC)
\@enLab=\toks28
)
\c@figure=\count138
\c@table=\count139
\abovecaptionskip=\skip49
\belowcaptionskip=\skip50
)
(/opt/local/share/texmf-texlive/tex/latex/beamer/beamerbasenavigation.sty
Package: beamerbasenavigation 2012/04/03  (rcs-revision 42a0f21a412d)
\beamer@section@min@dim=\dimen173
)
(/opt/local/share/texmf-texlive/tex/latex/beamer/beamerbasetheorems.sty
Package: beamerbasetheorems 2010/06/06  (rcs-revision 7e7cc5e53e9d)

(/opt/local/share/texmf-texlive/tex/latex/amsmath/amsmath.sty
Package: amsmath 2013/01/14 v2.14 AMS math features
\@mathmargin=\skip51

For additional information on amsmath, use the `?' option.
(/opt/local/share/texmf-texlive/tex/latex/amsmath/amstext.sty
Package: amstext 2000/06/29 v2.01

(/opt/local/share/texmf-texlive/tex/latex/amsmath/amsgen.sty
File: amsgen.sty 1999/11/30 v2.0
\@emptytoks=\toks29
\ex@=\dimen174
))
(/opt/local/share/texmf-texlive/tex/latex/amsmath/amsbsy.sty
Package: amsbsy 1999/11/29 v1.2d
\pmbraise@=\dimen175
)
(/opt/local/share/texmf-texlive/tex/latex/amsmath/amsopn.sty
Package: amsopn 1999/12/14 v2.01 operator names
)
\inf@bad=\count140
LaTeX Info: Redefining \frac on input line 210.
\uproot@=\count141
\leftroot@=\count142
LaTeX Info: Redefining \overline on input line 306.
\classnum@=\count143
\DOTSCASE@=\count144
LaTeX Info: Redefining \ldots on input line 378.
LaTeX Info: Redefining \dots on input line 381.
LaTeX Info: Redefining \cdots on input line 466.
\Mathstrutbox@=\box51
\strutbox@=\box52
\big@size=\dimen176
LaTeX Font Info:    Redeclaring font encoding OML on input line 566.
LaTeX Font Info:    Redeclaring font encoding OMS on input line 567.
\macc@depth=\count145
\c@MaxMatrixCols=\count146
\dotsspace@=\muskip11
\c@parentequation=\count147
\dspbrk@lvl=\count148
\tag@help=\toks30
\row@=\count149
\column@=\count150
\maxfields@=\count151
\andhelp@=\toks31
\eqnshift@=\dimen177
\alignsep@=\dimen178
\tagshift@=\dimen179
\tagwidth@=\dimen180
\totwidth@=\dimen181
\lineht@=\dimen182
\@envbody=\toks32
\multlinegap=\skip52
\multlinetaggap=\skip53
\mathdisplay@stack=\toks33
LaTeX Info: Redefining \[ on input line 2665.
LaTeX Info: Redefining \] on input line 2666.
)
(/opt/local/share/texmf-texlive/tex/latex/amscls/amsthm.sty
Package: amsthm 2004/08/06 v2.20
\thm@style=\toks34
\thm@bodyfont=\toks35
\thm@headfont=\toks36
\thm@notefont=\toks37
\thm@headpunct=\toks38
\thm@preskip=\skip54
\thm@postskip=\skip55
\thm@headsep=\skip56
\dth@everypar=\toks39
)
\c@theorem=\count152
)
(/opt/local/share/texmf-texlive/tex/latex/beamer/beamerbasethemes.sty
Package: beamerbasethemes 2010/05/01  (rcs-revision efa082c6111d)
))
(/opt/local/share/texmf-texlive/tex/latex/beamer/themes/theme/beamerthemedefaul
t.sty
Package: beamerthemedefault 2010/06/17  (rcs-revision d02a7cf4d8ae)

(/opt/local/share/texmf-texlive/tex/latex/beamer/themes/font/beamerfontthemedef
ault.sty
Package: beamerfontthemedefault 2012/12/19  (rcs-revision 1686da3db3c9)
)
(/opt/local/share/texmf-texlive/tex/latex/beamer/themes/color/beamercolorthemed
efault.sty
Package: beamercolorthemedefault 2012/12/19  (rcs-revision 1686da3db3c9)
)
(/opt/local/share/texmf-texlive/tex/latex/beamer/themes/inner/beamerinnerthemed
efault.sty
Package: beamerinnerthemedefault 2012/05/01  (rcs-revision 67c48b3b652d)
\beamer@dima=\dimen183
\beamer@dimb=\dimen184
)
(/opt/local/share/texmf-texlive/tex/latex/beamer/themes/outer/beamerouterthemed
efault.sty
Package: beamerouterthemedefault 2012/12/19  (rcs-revision 1686da3db3c9)
)))
(/opt/local/share/texmf-texlive/tex/latex/beamer/themes/theme/beamerthemeMadrid
.sty
Package: beamerthemeMadrid 2010/06/17  (rcs-revision d02a7cf4d8ae)

(/opt/local/share/texmf-texlive/tex/latex/beamer/themes/color/beamercolorthemew
hale.sty
Package: beamercolorthemewhale 2010/06/17  (rcs-revision d02a7cf4d8ae)
)
(/opt/local/share/texmf-texlive/tex/latex/beamer/themes/color/beamercolorthemeo
rchid.sty
Package: beamercolorthemeorchid 2010/06/17  (rcs-revision d02a7cf4d8ae)
)
(/opt/local/share/texmf-texlive/tex/latex/beamer/themes/inner/beamerinnerthemer
ounded.sty
Package: beamerinnerthemerounded 2010/06/17  (rcs-revision d02a7cf4d8ae)
)
(/opt/local/share/texmf-texlive/tex/latex/beamer/themes/outer/beamerouterthemei
nfolines.sty
Package: beamerouterthemeinfolines 2012/10/16  (rcs-revision 51a8c72084af)
))
(/opt/local/share/texmf-texlive/tex/latex/algorithms/algorithm.sty
Package: algorithm 2009/08/24 v0.1 Document Style `algorithm' - floating enviro
nment

(/opt/local/share/texmf-texlive/tex/latex/float/float.sty
Package: float 2001/11/08 v1.3d Float enhancements (AL)
\c@float@type=\count153
\float@exts=\toks40
\float@box=\box53
\@float@everytoks=\toks41
\@floatcapt=\box54
)
(/opt/local/share/texmf-texlive/tex/latex/base/ifthen.sty
Package: ifthen 2001/05/26 v1.1c Standard LaTeX ifthen package (DPC)
)
\@float@every@algorithm=\toks42
\c@algorithm=\count154
)
(/opt/local/share/texmf-texlive/tex/latex/algorithmicx/algpseudocode.sty
Package: algpseudocode 

(/opt/local/share/texmf-texlive/tex/latex/algorithmicx/algorithmicx.sty
Package: algorithmicx 2005/04/27 v1.2 Algorithmicx

Document Style algorithmicx 1.2 - a greatly improved `algorithmic' style
\c@ALG@line=\count155
\c@ALG@rem=\count156
\c@ALG@nested=\count157
\ALG@tlm=\skip57
\ALG@thistlm=\skip58
\c@ALG@Lnr=\count158
\c@ALG@blocknr=\count159
\c@ALG@storecount=\count160
\c@ALG@tmpcounter=\count161
\ALG@tmplength=\skip59
)
Document Style - pseudocode environments for use with the `algorithmicx' style
) (/opt/local/share/texmf-texlive/tex/latex/multirow/multirow.sty
\bigstrutjot=\dimen185
)
(/opt/local/share/texmf-texlive/tex/latex/appendixnumberbeamer/appendixnumberbe
amer.sty) (/opt/local/share/texmf-texlive/tex/latex/rotating/rotating.sty
Package: rotating 2009/03/28 v2.16a rotated objects in LaTeX
\c@r@tfl@t=\count162
\rotFPtop=\skip60
\rotFPbot=\skip61
\rot@float@box=\box55
\rot@mess@toks=\toks43
)
(/opt/local/share/texmf-texlive/tex/latex/tools/xr.sty
Package: xr 1994/05/28 v5.02 eXternal References (DPC)
)
(/opt/local/share/texmf-texlive/tex/latex/beamer/multimedia/xmpmulti.sty
\@mpm@count=\count163
)
(./defense.aux)
\openout1 = `defense.aux'.

LaTeX Font Info:    Checking defaults for OML/cmm/m/it on input line 26.
LaTeX Font Info:    ... okay on input line 26.
LaTeX Font Info:    Checking defaults for T1/cmr/m/n on input line 26.
LaTeX Font Info:    ... okay on input line 26.
LaTeX Font Info:    Checking defaults for OT1/cmr/m/n on input line 26.
LaTeX Font Info:    ... okay on input line 26.
LaTeX Font Info:    Checking defaults for OMS/cmsy/m/n on input line 26.
LaTeX Font Info:    ... okay on input line 26.
LaTeX Font Info:    Checking defaults for OMX/cmex/m/n on input line 26.
LaTeX Font Info:    ... okay on input line 26.
LaTeX Font Info:    Checking defaults for U/cmr/m/n on input line 26.
LaTeX Font Info:    ... okay on input line 26.
LaTeX Font Info:    Checking defaults for PD1/pdf/m/n on input line 26.
LaTeX Font Info:    ... okay on input line 26.

*geometry* driver: auto-detecting
*geometry* detected driver: pdftex
*geometry* verbose mode - [ preamble ] result:
* driver: pdftex
* paper: custom
* layout: <same size as paper>
* layoutoffset:(h,v)=(0.0pt,0.0pt)
* modes: includehead includefoot 
* h-part:(L,W,R)=(10.95003pt, 342.2953pt, 10.95003pt)
* v-part:(T,H,B)=(0.0pt, 273.14662pt, 0.0pt)
* \paperwidth=364.19536pt
* \paperheight=273.14662pt
* \textwidth=342.2953pt
* \textheight=244.6939pt
* \oddsidemargin=-61.31996pt
* \evensidemargin=-61.31996pt
* \topmargin=-72.26999pt
* \headheight=14.22636pt
* \headsep=0.0pt
* \topskip=11.0pt
* \footskip=14.22636pt
* \marginparwidth=4.0pt
* \marginparsep=10.0pt
* \columnsep=10.0pt
* \skip\footins=10.0pt plus 4.0pt minus 2.0pt
* \hoffset=0.0pt
* \voffset=0.0pt
* \mag=1000
* \@twocolumnfalse
* \@twosidefalse
* \@mparswitchfalse
* \@reversemarginfalse
* (1in=72.27pt=25.4mm, 1cm=28.453pt)

(/opt/local/share/texmf-texlive/tex/context/base/supp-pdf.mkii
[Loading MPS to PDF converter (version 2006.09.02).]
\scratchcounter=\count164
\scratchdimen=\dimen186
\scratchbox=\box56
\nofMPsegments=\count165
\nofMParguments=\count166
\everyMPshowfont=\toks44
\MPscratchCnt=\count167
\MPscratchDim=\dimen187
\MPnumerator=\count168
\makeMPintoPDFobject=\count169
\everyMPtoPDFconversion=\toks45
) (/opt/local/share/texmf-texlive/tex/latex/oberdiek/epstopdf-base.sty
Package: epstopdf-base 2010/02/09 v2.5 Base part for package epstopdf

(/opt/local/share/texmf-texlive/tex/latex/oberdiek/grfext.sty
Package: grfext 2010/08/19 v1.1 Manage graphics extensions (HO)
)
Package grfext Info: Graphics extension search list:
(grfext)             [.png,.pdf,.jpg,.mps,.jpeg,.jbig2,.jb2,.PNG,.PDF,.JPG,.JPE
G,.JBIG2,.JB2,.eps]
(grfext)             \AppendGraphicsExtensions on input line 452.

(/opt/local/share/texmf-texlive/tex/latex/latexconfig/epstopdf-sys.cfg
File: epstopdf-sys.cfg 2010/07/13 v1.3 Configuration of (r)epstopdf for TeX Liv
e
))
ABD: EveryShipout initializing macros
\AtBeginShipoutBox=\box57
Package hyperref Info: Link coloring OFF on input line 26.

(/opt/local/share/texmf-texlive/tex/latex/hyperref/nameref.sty
Package: nameref 2012/10/27 v2.43 Cross-referencing by name of section

(/opt/local/share/texmf-texlive/tex/generic/oberdiek/gettitlestring.sty
Package: gettitlestring 2010/12/03 v1.4 Cleanup title references (HO)
)
\c@section@level=\count170
)
LaTeX Info: Redefining \ref on input line 26.
LaTeX Info: Redefining \pageref on input line 26.
LaTeX Info: Redefining \nameref on input line 26.

(./defense.out) (./defense.out)
\@outlinefile=\write5
\openout5 = `defense.out'.

LaTeX Font Info:    Overwriting symbol font `operators' in version `normal'
(Font)                  OT1/cmr/m/n --> OT1/cmss/m/n on input line 26.
LaTeX Font Info:    Overwriting symbol font `operators' in version `bold'
(Font)                  OT1/cmr/bx/n --> OT1/cmss/bx/n on input line 26.
\symnumbers=\mathgroup6
\sympureletters=\mathgroup7
LaTeX Font Info:    Overwriting math alphabet `\mathrm' in version `normal'
(Font)                  OT1/cmss/m/n --> OT1/cmr/m/n on input line 26.
LaTeX Font Info:    Redeclaring math alphabet \mathbf on input line 26.
LaTeX Font Info:    Overwriting math alphabet `\mathbf' in version `normal'
(Font)                  OT1/cmr/bx/n --> OT1/cmss/bx/n on input line 26.
LaTeX Font Info:    Overwriting math alphabet `\mathbf' in version `bold'
(Font)                  OT1/cmr/bx/n --> OT1/cmss/bx/n on input line 26.
LaTeX Font Info:    Redeclaring math alphabet \mathsf on input line 26.
LaTeX Font Info:    Overwriting math alphabet `\mathsf' in version `normal'
(Font)                  OT1/cmss/m/n --> OT1/cmss/m/n on input line 26.
LaTeX Font Info:    Overwriting math alphabet `\mathsf' in version `bold'
(Font)                  OT1/cmss/bx/n --> OT1/cmss/m/n on input line 26.
LaTeX Font Info:    Redeclaring math alphabet \mathit on input line 26.
LaTeX Font Info:    Overwriting math alphabet `\mathit' in version `normal'
(Font)                  OT1/cmr/m/it --> OT1/cmss/m/it on input line 26.
LaTeX Font Info:    Overwriting math alphabet `\mathit' in version `bold'
(Font)                  OT1/cmr/bx/it --> OT1/cmss/m/it on input line 26.
LaTeX Font Info:    Redeclaring math alphabet \mathtt on input line 26.
LaTeX Font Info:    Overwriting math alphabet `\mathtt' in version `normal'
(Font)                  OT1/cmtt/m/n --> OT1/cmtt/m/n on input line 26.
LaTeX Font Info:    Overwriting math alphabet `\mathtt' in version `bold'
(Font)                  OT1/cmtt/m/n --> OT1/cmtt/m/n on input line 26.
LaTeX Font Info:    Overwriting symbol font `numbers' in version `bold'
(Font)                  OT1/cmss/m/n --> OT1/cmss/bx/n on input line 26.
LaTeX Font Info:    Overwriting symbol font `pureletters' in version `bold'
(Font)                  OT1/cmss/m/it --> OT1/cmss/bx/it on input line 26.
LaTeX Font Info:    Overwriting math alphabet `\mathrm' in version `bold'
(Font)                  OT1/cmss/bx/n --> OT1/cmr/bx/n on input line 26.
LaTeX Font Info:    Overwriting math alphabet `\mathbf' in version `bold'
(Font)                  OT1/cmss/bx/n --> OT1/cmss/bx/n on input line 26.
LaTeX Font Info:    Overwriting math alphabet `\mathsf' in version `bold'
(Font)                  OT1/cmss/m/n --> OT1/cmss/bx/n on input line 26.
LaTeX Font Info:    Overwriting math alphabet `\mathit' in version `bold'
(Font)                  OT1/cmss/m/it --> OT1/cmss/bx/it on input line 26.
LaTeX Font Info:    Overwriting math alphabet `\mathtt' in version `bold'
(Font)                  OT1/cmtt/m/n --> OT1/cmtt/bx/n on input line 26.

(/opt/local/share/texmf-texlive/tex/latex/beamer/translator/dicts/translator-ba
sic-dictionary/translator-basic-dictionary-English.dict
Dictionary: translator-basic-dictionary, Language: English 
)
(/opt/local/share/texmf-texlive/tex/latex/beamer/translator/dicts/translator-bi
bliography-dictionary/translator-bibliography-dictionary-English.dict
Dictionary: translator-bibliography-dictionary, Language: English 
)
(/opt/local/share/texmf-texlive/tex/latex/beamer/translator/dicts/translator-en
vironment-dictionary/translator-environment-dictionary-English.dict
Dictionary: translator-environment-dictionary, Language: English 
)
(/opt/local/share/texmf-texlive/tex/latex/beamer/translator/dicts/translator-mo
nths-dictionary/translator-months-dictionary-English.dict
Dictionary: translator-months-dictionary, Language: English 
)
(/opt/local/share/texmf-texlive/tex/latex/beamer/translator/dicts/translator-nu
mbers-dictionary/translator-numbers-dictionary-English.dict
Dictionary: translator-numbers-dictionary, Language: English 
)
(/opt/local/share/texmf-texlive/tex/latex/beamer/translator/dicts/translator-th
eorem-dictionary/translator-theorem-dictionary-English.dict
Dictionary: translator-theorem-dictionary, Language: English 
)
LaTeX Info: Redefining \includegraphics on input line 26.
 (./defense.nav)
<ohsu-logo3.jpg, id=45, 216.81pt x 149.8398pt>
File: ohsu-logo3.jpg Graphic file (type jpg)
 <use ohsu-logo3.jpg>
Package pdftex.def Info: ohsu-logo3.jpg used on input line 30.
(pdftex.def)             Requested size: 82.33902pt x 56.9055pt.


LaTeX Font Warning: Font shape `OT1/cmss/m/n' in size <4> not available
(Font)              size <5> substituted on input line 30.

[1

{/opt/local/var/db/texmf/fonts/map/pdftex/updmap/pdftex.map} <./ohsu-logo3.jpg>
] (./defense.toc) [2

] (./defense.toc) [3

]
<sv_types.pdf, id=93, 968.90822pt x 271.41994pt>
File: sv_types.pdf Graphic file (type pdf)
 <use sv_types.pdf>
Package pdftex.def Info: sv_types.pdf used on input line 50.
(pdftex.def)             Requested size: 256.72147pt x 71.91351pt.
 [4

 <./sv_types.pdf

pdfTeX warning: pdflatex (file ./sv_types.pdf): PDF inclusion: multiple pdfs wi
th page group included in a single page
>] [5

] (./defense.toc) [6

] <NAHR_NHEJ.png, id=128, 1115.16624pt x 480.79625pt>
File: NAHR_NHEJ.png Graphic file (type png)

<use NAHR_NHEJ.png>
Package pdftex.def Info: NAHR_NHEJ.png used on input line 82.
(pdftex.def)             Requested size: 256.72147pt x 110.68352pt.
 [7

 <./NAHR_NHEJ.png>]
<gibbon_genome_histograms.pdf, id=138, 1551.02092pt x 572.27364pt>
File: gibbon_genome_histograms.pdf Graphic file (type pdf)

<use gibbon_genome_histograms.pdf>
Package pdftex.def Info: gibbon_genome_histograms.pdf used on input line 95.
(pdftex.def)             Requested size: 256.72147pt x 94.71796pt.
LaTeX Font Info:    Try loading font information for U+msa on input line 95.

(/opt/local/share/texmf-texlive/tex/latex/amsfonts/umsa.fd
File: umsa.fd 2013/01/14 v3.01 AMS symbols A
)
LaTeX Font Info:    Try loading font information for U+msb on input line 95.

(/opt/local/share/texmf-texlive/tex/latex/amsfonts/umsb.fd
File: umsb.fd 2013/01/14 v3.01 AMS symbols B
) [8

 <./gibbon_genome_histograms.pdf>] (./defense.toc) [9

]
<short_read_sequencing.pdf, id=179, 585.72832pt x 410.22482pt>
File: short_read_sequencing.pdf Graphic file (type pdf)

<use short_read_sequencing.pdf>
Package pdftex.def Info: short_read_sequencing.pdf used on input line 105.
(pdftex.def)             Requested size: 256.72147pt x 179.7984pt.
 [10

 <./short_read_sequencing.pdf>]
<rp_signatures_opaque.pdf, id=194, 257.56216pt x 100.19643pt>
File: rp_signatures_opaque.pdf Graphic file (type pdf)

<use rp_signatures_opaque.pdf>
Package pdftex.def Info: rp_signatures_opaque.pdf used on input line 120.
(pdftex.def)             Requested size: 200.87802pt x 78.14479pt.
 <rd.pdf, id=195, 209.87206pt x 68.9215pt>
File: rd.pdf Graphic file (type pdf)

<use rd.pdf>
Package pdftex.def Info: rd.pdf used on input line 120.
(pdftex.def)             Requested size: 136.91603pt x 44.96458pt.
 <sr.pdf, id=196, 199.54552pt x 68.9227pt>
File: sr.pdf Graphic file (type pdf)
 <use sr.pdf>
Package pdftex.def Info: sr.pdf used on input line 120.
(pdftex.def)             Requested size: 136.91603pt x 47.29378pt.
 [11

 <./rp_signatures_opaque.pdf> <./rd.pdf

pdfTeX warning: pdflatex (file ./rd.pdf): PDF inclusion: multiple pdfs with pag
e group included in a single page
> <./sr.pdf

pdfTeX warning: pdflatex (file ./sr.pdf): PDF inclusion: multiple pdfs with pag
e group included in a single page
>] <rp_method_workflow.pdf, id=225, 428.72403pt x 132.33368pt>
File: rp_method_workflow.pdf Graphic file (type pdf)

<use rp_method_workflow.pdf>
Package pdftex.def Info: rp_method_workflow.pdf used on input line 163.
(pdftex.def)             Requested size: 205.37926pt x 63.39424pt.
 [12

 <./rp_method_workflow.pdf

pdfTeX warning: pdflatex (file ./rp_method_workflow.pdf): PDF inclusion: multip
le pdfs with page group included in a single page
>] <ebi_data_explosion.jpg, id=270, 301.125pt x 296.10625pt>
File: ebi_data_explosion.jpg Graphic file (type jpg)

<use ebi_data_explosion.jpg>
Package pdftex.def Info: ebi_data_explosion.jpg used on input line 176.
(pdftex.def)             Requested size: 102.68962pt x 100.97751pt.

<HiSeqX_Ten_Image.jpg, id=271, 481.8pt x 295.1025pt>
File: HiSeqX_Ten_Image.jpg Graphic file (type jpg)

<use HiSeqX_Ten_Image.jpg>
Package pdftex.def Info: HiSeqX_Ten_Image.jpg used on input line 176.
(pdftex.def)             Requested size: 171.14764pt x 104.8274pt.
 [13

 <./ebi_data_explosion.jpg> <./HiSeqX_Ten_Image.jpg>] <hadoop_user_logos.pdf, i
d=279, 640.10567pt x 624.44731pt>
File: hadoop_user_logos.pdf Graphic file (type pdf)

<use hadoop_user_logos.pdf>
Package pdftex.def Info: hadoop_user_logos.pdf used on input line 201.
(pdftex.def)             Requested size: 95.84079pt x 93.49155pt.
 [14

 <./hadoop_user_logos.pdf>]
<hadoop_benefits-0.png, id=300, 642.4pt x 434.62375pt>
File: hadoop_benefits-0.png Graphic file (type png)

<use hadoop_benefits-0.png>
Package pdftex.def Info: hadoop_benefits-0.png used on input line 224.
(pdftex.def)             Requested size: 205.37926pt x 138.9498pt.

<hadoop_benefits-1.png, id=301, 642.4pt x 434.62375pt>
File: hadoop_benefits-1.png Graphic file (type png)

<use hadoop_benefits-1.png>
Package pdftex.def Info: hadoop_benefits-1.png used on input line 224.
(pdftex.def)             Requested size: 205.37926pt x 138.9498pt.

<hadoop_benefits-2.png, id=302, 642.4pt x 434.62375pt>
File: hadoop_benefits-2.png Graphic file (type png)

<use hadoop_benefits-2.png>
Package pdftex.def Info: hadoop_benefits-2.png used on input line 224.
(pdftex.def)             Requested size: 205.37926pt x 138.9498pt.

<hadoop_benefits-3.png, id=303, 642.4pt x 434.62375pt>
File: hadoop_benefits-3.png Graphic file (type png)

<use hadoop_benefits-3.png>
Package pdftex.def Info: hadoop_benefits-3.png used on input line 224.
(pdftex.def)             Requested size: 205.37926pt x 138.9498pt.

<hadoop_benefits-4.png, id=304, 642.4pt x 434.62375pt>
File: hadoop_benefits-4.png Graphic file (type png)

<use hadoop_benefits-4.png>
Package pdftex.def Info: hadoop_benefits-4.png used on input line 224.
(pdftex.def)             Requested size: 205.37926pt x 138.9498pt.
 [15

 <./hadoop_benefits-0.png> <./hadoop_benefits-1.png> <./hadoop_benefits-2.png> 
<./hadoop_benefits-3.png> <./hadoop_benefits-4.png>]
File: hadoop_benefits-0.png Graphic file (type png)
 <use hadoop_benefits-0.png>
Package pdftex.def Info: hadoop_benefits-0.png used on input line 224.
(pdftex.def)             Requested size: 205.37926pt x 138.9498pt.
File: hadoop_benefits-1.png Graphic file (type png)
 <use hadoop_benefits-1.png>
Package pdftex.def Info: hadoop_benefits-1.png used on input line 224.
(pdftex.def)             Requested size: 205.37926pt x 138.9498pt.
File: hadoop_benefits-2.png Graphic file (type png)

<use hadoop_benefits-2.png>
Package pdftex.def Info: hadoop_benefits-2.png used on input line 224.
(pdftex.def)             Requested size: 205.37926pt x 138.9498pt.
File: hadoop_benefits-3.png Graphic file (type png)
 <use hadoop_benefits-3.png>
Package pdftex.def Info: hadoop_benefits-3.png used on input line 224.
(pdftex.def)             Requested size: 205.37926pt x 138.9498pt.
File: hadoop_benefits-4.png Graphic file (type png)

<use hadoop_benefits-4.png>
Package pdftex.def Info: hadoop_benefits-4.png used on input line 224.
(pdftex.def)             Requested size: 205.37926pt x 138.9498pt.
 [16

]
File: hadoop_benefits-0.png Graphic file (type png)
 <use hadoop_benefits-0.png>
Package pdftex.def Info: hadoop_benefits-0.png used on input line 224.
(pdftex.def)             Requested size: 205.37926pt x 138.9498pt.
File: hadoop_benefits-1.png Graphic file (type png)

<use hadoop_benefits-1.png>
Package pdftex.def Info: hadoop_benefits-1.png used on input line 224.
(pdftex.def)             Requested size: 205.37926pt x 138.9498pt.
File: hadoop_benefits-2.png Graphic file (type png)
 <use hadoop_benefits-2.png>
Package pdftex.def Info: hadoop_benefits-2.png used on input line 224.
(pdftex.def)             Requested size: 205.37926pt x 138.9498pt.
File: hadoop_benefits-3.png Graphic file (type png)

<use hadoop_benefits-3.png>
Package pdftex.def Info: hadoop_benefits-3.png used on input line 224.
(pdftex.def)             Requested size: 205.37926pt x 138.9498pt.
File: hadoop_benefits-4.png Graphic file (type png)
 <use hadoop_benefits-4.png>
Package pdftex.def Info: hadoop_benefits-4.png used on input line 224.
(pdftex.def)             Requested size: 205.37926pt x 138.9498pt.
 [17

]
File: hadoop_benefits-0.png Graphic file (type png)

<use hadoop_benefits-0.png>
Package pdftex.def Info: hadoop_benefits-0.png used on input line 224.
(pdftex.def)             Requested size: 205.37926pt x 138.9498pt.
File: hadoop_benefits-1.png Graphic file (type png)
 <use hadoop_benefits-1.png>
Package pdftex.def Info: hadoop_benefits-1.png used on input line 224.
(pdftex.def)             Requested size: 205.37926pt x 138.9498pt.
File: hadoop_benefits-2.png Graphic file (type png)

<use hadoop_benefits-2.png>
Package pdftex.def Info: hadoop_benefits-2.png used on input line 224.
(pdftex.def)             Requested size: 205.37926pt x 138.9498pt.
File: hadoop_benefits-3.png Graphic file (type png)
 <use hadoop_benefits-3.png>
Package pdftex.def Info: hadoop_benefits-3.png used on input line 224.
(pdftex.def)             Requested size: 205.37926pt x 138.9498pt.
File: hadoop_benefits-4.png Graphic file (type png)

<use hadoop_benefits-4.png>
Package pdftex.def Info: hadoop_benefits-4.png used on input line 224.
(pdftex.def)             Requested size: 205.37926pt x 138.9498pt.
 [18

]
File: hadoop_benefits-0.png Graphic file (type png)
 <use hadoop_benefits-0.png>
Package pdftex.def Info: hadoop_benefits-0.png used on input line 224.
(pdftex.def)             Requested size: 205.37926pt x 138.9498pt.
File: hadoop_benefits-1.png Graphic file (type png)

<use hadoop_benefits-1.png>
Package pdftex.def Info: hadoop_benefits-1.png used on input line 224.
(pdftex.def)             Requested size: 205.37926pt x 138.9498pt.
File: hadoop_benefits-2.png Graphic file (type png)
 <use hadoop_benefits-2.png>
Package pdftex.def Info: hadoop_benefits-2.png used on input line 224.
(pdftex.def)             Requested size: 205.37926pt x 138.9498pt.
File: hadoop_benefits-3.png Graphic file (type png)

<use hadoop_benefits-3.png>
Package pdftex.def Info: hadoop_benefits-3.png used on input line 224.
(pdftex.def)             Requested size: 205.37926pt x 138.9498pt.
File: hadoop_benefits-4.png Graphic file (type png)
 <use hadoop_benefits-4.png>
Package pdftex.def Info: hadoop_benefits-4.png used on input line 224.
(pdftex.def)             Requested size: 205.37926pt x 138.9498pt.
 [19

]
<mapreduce_example.pdf, id=342, 1027.84pt x 770.88pt>
File: mapreduce_example.pdf Graphic file (type pdf)

<use mapreduce_example.pdf>
Package pdftex.def Info: mapreduce_example.pdf used on input line 238.
(pdftex.def)             Requested size: 296.37215pt x 135.45111pt.
 [20

 <./mapreduce_example.pdf>] (./defense.toc)
[21

] <read_pairs_mapped.png, id=393, 515.9275pt x 321.2pt>
File: read_pairs_mapped.png Graphic file (type png)

<use read_pairs_mapped.png>
Package pdftex.def Info: read_pairs_mapped.png used on input line 268.
(pdftex.def)             Requested size: 334.72697pt x 208.38478pt.
 [22

 <./read_pairs_mapped.png>]
<read_pairs_mapped_with_windows.png, id=401, 515.9275pt x 321.2pt>
File: read_pairs_mapped_with_windows.png Graphic file (type png)

<use read_pairs_mapped_with_windows.png>
Package pdftex.def Info: read_pairs_mapped_with_windows.png used on input line 
268.
(pdftex.def)             Requested size: 334.72697pt x 208.38478pt.
 [23

 <./read_pairs_mapped_with_windows.png>]
<read_pairs_mapped_with_windows_and_features.png, id=409, 515.9275pt x 321.2pt>
File: read_pairs_mapped_with_windows_and_features.png Graphic file (type png)
<use read_pairs_mapped_with_windows_and_features.png>
Package pdftex.def Info: read_pairs_mapped_with_windows_and_features.png used o
n input line 268.
(pdftex.def)             Requested size: 334.72697pt x 208.38478pt.
 [24

 <./read_pairs_mapped_with_windows_and_features.png>]
<read_pairs_mapped_with_windows_and_features_and_call.png, id=417, 515.9275pt x
 321.2pt>
File: read_pairs_mapped_with_windows_and_features_and_call.png Graphic file (ty
pe png)
 <use read_pairs_mapped_with_windows_and_features_and_call.png>
Package pdftex.def Info: read_pairs_mapped_with_windows_and_features_and_call.p
ng used on input line 268.
(pdftex.def)             Requested size: 334.72697pt x 208.38478pt.

[25

 <./read_pairs_mapped_with_windows_and_features_and_call.png>]
<insert_size_mixtures.pdf, id=426, 549.80695pt x 404.57652pt>
File: insert_size_mixtures.pdf Graphic file (type pdf)

<use insert_size_mixtures.pdf>
Package pdftex.def Info: insert_size_mixtures.pdf used on input line 318.
(pdftex.def)             Requested size: 176.99048pt x 130.23999pt.
 [26

 <./insert_size_mixtures.pdf>]
<insert_size_mixtures_noise_reduction.pdf, id=458, 549.80695pt x 404.57652pt>
File: insert_size_mixtures_noise_reduction.pdf Graphic file (type pdf)

<use insert_size_mixtures_noise_reduction.pdf>
Package pdftex.def Info: insert_size_mixtures_noise_reduction.pdf used on input
 line 318.
(pdftex.def)             Requested size: 176.99048pt x 130.23999pt.
 [27

 <./insert_size_mixtures_noise_reduction.pdf>]
<Cloudbreak_deletion_example.png, id=489, 1398.22375pt x 798.985pt>
File: Cloudbreak_deletion_example.png Graphic file (type png)

<use Cloudbreak_deletion_example.png>
Package pdftex.def Info: Cloudbreak_deletion_example.png used on input line 373
.
(pdftex.def)             Requested size: 342.2798pt x 195.58846pt.
 [28

 <./Cloudbreak_deletion_example.png (PNG copy)>]
<cloudbreak_mapred_diagram_build_1.pdf, id=496, 726.12221pt x 600.47592pt>
File: cloudbreak_mapred_diagram_build_1.pdf Graphic file (type pdf)

<use cloudbreak_mapred_diagram_build_1.pdf>
Package pdftex.def Info: cloudbreak_mapred_diagram_build_1.pdf used on input li
ne 380.
(pdftex.def)             Requested size: 251.98604pt x 208.38303pt.
 [29

 <./cloudbreak_mapred_diagram_build_1.pdf>]
<cloudbreak_mapred_diagram_build_2.pdf, id=577, 726.12221pt x 600.47592pt>
File: cloudbreak_mapred_diagram_build_2.pdf Graphic file (type pdf)

<use cloudbreak_mapred_diagram_build_2.pdf>
Package pdftex.def Info: cloudbreak_mapred_diagram_build_2.pdf used on input li
ne 388.
(pdftex.def)             Requested size: 251.98604pt x 208.38303pt.
 [30

 <./cloudbreak_mapred_diagram_build_2.pdf>]
<cloudbreak_mapred_diagram_build_3.pdf, id=731, 726.12221pt x 600.47592pt>
File: cloudbreak_mapred_diagram_build_3.pdf Graphic file (type pdf)

<use cloudbreak_mapred_diagram_build_3.pdf>
Package pdftex.def Info: cloudbreak_mapred_diagram_build_3.pdf used on input li
ne 395.
(pdftex.def)             Requested size: 251.98604pt x 208.38303pt.
 [31

 <./cloudbreak_mapred_diagram_build_3.pdf>] [32

]
<CHR2SIM_ROC_COMBINED_ROCS_POSTER.pdf, id=957, 1300.86pt x 505.89pt>
File: CHR2SIM_ROC_COMBINED_ROCS_POSTER.pdf Graphic file (type pdf)

<use CHR2SIM_ROC_COMBINED_ROCS_POSTER.pdf>
Package pdftex.def Info: CHR2SIM_ROC_COMBINED_ROCS_POSTER.pdf used on input lin
e 486.
(pdftex.def)             Requested size: 342.2953pt x 119.90527pt.
 [33

 <./CHR2SIM_ROC_COMBINED_ROCS_POSTER.pdf>]

LaTeX Font Warning: Font shape `OT1/cmss/m/n' in size <7.5> not available
(Font)              size <7> substituted on input line 508.

LaTeX Font Info:    Calculating math sizes for size <7.5> on input line 508.

LaTeX Font Warning: Font shape `OT1/cmss/m/n' in size <3.75> not available
(Font)              size <5> substituted on input line 508.


LaTeX Font Warning: Font shape `OML/cmm/m/it' in size <7.5> not available
(Font)              size <7> substituted on input line 508.


LaTeX Font Warning: Font shape `OML/cmm/m/it' in size <3.75> not available
(Font)              size <5> substituted on input line 508.


LaTeX Font Warning: Font shape `OMS/cmsy/m/n' in size <7.5> not available
(Font)              size <7> substituted on input line 508.


LaTeX Font Warning: Font shape `OMS/cmsy/m/n' in size <3.75> not available
(Font)              size <5> substituted on input line 508.


LaTeX Font Warning: Font shape `OT1/cmss/m/it' in size <7.5> not available
(Font)              size <7> substituted on input line 508.


LaTeX Font Warning: Font shape `OT1/cmss/m/it' in size <3.75> not available
(Font)              size <5> substituted on input line 508.


LaTeX Font Warning: Font shape `OT1/cmss/bx/n' in size <7.5> not available
(Font)              size <7> substituted on input line 508.

[34

] <NA18507_COMBINED_ROCS_POSTER.pdf, id=980, 1300.86pt x 505.89pt>
File: NA18507_COMBINED_ROCS_POSTER.pdf Graphic file (type pdf)

<use NA18507_COMBINED_ROCS_POSTER.pdf>
Package pdftex.def Info: NA18507_COMBINED_ROCS_POSTER.pdf used on input line 51
5.
(pdftex.def)             Requested size: 342.2953pt x 119.90527pt.
 [35

 <./NA18507_COMBINED_ROCS_POSTER.pdf>] <NA18507BestRuntimes_horizontal.pdf, id=
996, 722.7pt x 325.215pt>
File: NA18507BestRuntimes_horizontal.pdf Graphic file (type pdf)

<use NA18507BestRuntimes_horizontal.pdf>
Package pdftex.def Info: NA18507BestRuntimes_horizontal.pdf used on input line 
542.
(pdftex.def)             Requested size: 256.72147pt x 115.52408pt.

Overfull \vbox (2.51457pt too high) detected at line 542
 []

[36

 <./NA18507BestRuntimes_horizontal.pdf>]
<workflow_with_whirr_build1.png, id=1011, 707.443pt x 623.931pt>
File: workflow_with_whirr_build1.png Graphic file (type png)

<use workflow_with_whirr_build1.png>
Package pdftex.def Info: workflow_with_whirr_build1.png used on input line 553.

(pdftex.def)             Requested size: 265.80861pt x 234.43053pt.

Overfull \vbox (17.35994pt too high) detected at line 553
 []

[37

 <./workflow_with_whirr_build1.png>]
<workflow_with_whirr.png, id=1020, 707.443pt x 623.931pt>
File: workflow_with_whirr.png Graphic file (type png)

<use workflow_with_whirr.png>
Package pdftex.def Info: workflow_with_whirr.png used on input line 553.
(pdftex.def)             Requested size: 265.80861pt x 234.43053pt.

Overfull \vbox (17.35994pt too high) detected at line 553
 []

[38

 <./workflow_with_whirr.png>]
<breakpointResolutionNA18507.pdf, id=1028, 722.7pt x 505.89pt>
File: breakpointResolutionNA18507.pdf Graphic file (type pdf)

<use breakpointResolutionNA18507.pdf>
Package pdftex.def Info: breakpointResolutionNA18507.pdf used on input line 566
.
(pdftex.def)             Requested size: 252.94878pt x 177.06415pt.

Overfull \vbox (5.42274pt too high) detected at line 566
 []

[39

 <./breakpointResolutionNA18507.pdf>] [40

] (./defense.toc) [41

] [42

]
<graphical-model-0.pdf, id=1065, 288.99236pt x 93.31825pt>
File: graphical-model-0.pdf Graphic file (type pdf)

<use graphical-model-0.pdf>
Package pdftex.def Info: graphical-model-0.pdf used on input line 642.
(pdftex.def)             Requested size: 242.0155pt x 78.14479pt.

<graphical-model-1.pdf, id=1066, 288.99236pt x 93.31825pt>
File: graphical-model-1.pdf Graphic file (type pdf)

<use graphical-model-1.pdf>
Package pdftex.def Info: graphical-model-1.pdf used on input line 642.
(pdftex.def)             Requested size: 242.0155pt x 78.14479pt.

<graphical-model-2.pdf, id=1067, 288.99236pt x 93.31825pt>
File: graphical-model-2.pdf Graphic file (type pdf)

<use graphical-model-2.pdf>
Package pdftex.def Info: graphical-model-2.pdf used on input line 642.
(pdftex.def)             Requested size: 242.0155pt x 78.14479pt.

Overfull \vbox (0.70905pt too high) detected at line 642
 []

[43

 <./graphical-model-0.pdf> <./graphical-model-1.pdf

pdfTeX warning: pdflatex (file ./graphical-model-1.pdf): PDF inclusion: multipl
e pdfs with page group included in a single page
> <./graphical-model-2.pdf

pdfTeX warning: pdflatex (file ./graphical-model-2.pdf): PDF inclusion: multipl
e pdfs with page group included in a single page
>]
File: graphical-model-0.pdf Graphic file (type pdf)
 <use graphical-model-0.pdf>
Package pdftex.def Info: graphical-model-0.pdf used on input line 642.
(pdftex.def)             Requested size: 242.0155pt x 78.14479pt.
File: graphical-model-1.pdf Graphic file (type pdf)
 <use graphical-model-1.pdf>
Package pdftex.def Info: graphical-model-1.pdf used on input line 642.
(pdftex.def)             Requested size: 242.0155pt x 78.14479pt.
File: graphical-model-2.pdf Graphic file (type pdf)

<use graphical-model-2.pdf>
Package pdftex.def Info: graphical-model-2.pdf used on input line 642.
(pdftex.def)             Requested size: 242.0155pt x 78.14479pt.

Overfull \vbox (0.70905pt too high) detected at line 642
 []

[44

]
File: graphical-model-0.pdf Graphic file (type pdf)
 <use graphical-model-0.pdf>
Package pdftex.def Info: graphical-model-0.pdf used on input line 642.
(pdftex.def)             Requested size: 242.0155pt x 78.14479pt.
File: graphical-model-1.pdf Graphic file (type pdf)
 <use graphical-model-1.pdf>
Package pdftex.def Info: graphical-model-1.pdf used on input line 642.
(pdftex.def)             Requested size: 242.0155pt x 78.14479pt.
File: graphical-model-2.pdf Graphic file (type pdf)

<use graphical-model-2.pdf>
Package pdftex.def Info: graphical-model-2.pdf used on input line 642.
(pdftex.def)             Requested size: 242.0155pt x 78.14479pt.

Overfull \vbox (0.70905pt too high) detected at line 642
 []

[45

] (./segment_change_point.pdf_tex
<segment_change_point.pdf, id=1136, 354.06677pt x 93.02002pt>
File: segment_change_point.pdf Graphic file (type pdf)

<use segment_change_point.pdf>
Package pdftex.def Info: segment_change_point.pdf used on input line 52.
(pdftex.def)             Requested size: 256.72147pt x 67.44559pt.
)
Overfull \vbox (4.68828pt too high) detected at line 671
 []

[46

 <./segment_change_point.pdf>]
<true_example_with_features.pdf, id=1145, 1027.84pt x 770.88pt>
File: true_example_with_features.pdf Graphic file (type pdf)

<use true_example_with_features.pdf>
Package pdftex.def Info: true_example_with_features.pdf used on input line 675.

(pdftex.def)             Requested size: 312.57326pt x 234.4304pt.

Overfull \vbox (5.35982pt too high) detected at line 675
 []

[47

 <./true_example_with_features.pdf>]
<crf_labelling.pdf, id=1172, 520.95943pt x 110.11519pt>
File: crf_labelling.pdf Graphic file (type pdf)

<use crf_labelling.pdf>
Package pdftex.def Info: crf_labelling.pdf used on input line 695.
(pdftex.def)             Requested size: 273.83728pt x 57.8819pt.
 [48

 <./crf_labelling.pdf>]
<NA18507_DELS_ROC_with_CRF.pdf, id=1188, 722.7pt x 505.89pt>
File: NA18507_DELS_ROC_with_CRF.pdf Graphic file (type pdf)

<use NA18507_DELS_ROC_with_CRF.pdf>
Package pdftex.def Info: NA18507_DELS_ROC_with_CRF.pdf used on input line 702.
(pdftex.def)             Requested size: 297.69838pt x 208.38478pt.

Overfull \vbox (3.04337pt too high) detected at line 702
 []

[49

 <./NA18507_DELS_ROC_with_CRF.pdf>]
<breakpointResolutionNA18507_withCRF.pdf, id=1202, 722.7pt x 505.89pt>
File: breakpointResolutionNA18507_withCRF.pdf Graphic file (type pdf)

<use breakpointResolutionNA18507_withCRF.pdf>
Package pdftex.def Info: breakpointResolutionNA18507_withCRF.pdf used on input 
line 709.
(pdftex.def)             Requested size: 260.48056pt x 182.33519pt.
 [50

 <./breakpointResolutionNA18507_withCRF.pdf>] (./defense.toc) [51

] [52

] [53

]
<stickleback_paper.png, id=1238, 639.38875pt x 240.9pt>
File: stickleback_paper.png Graphic file (type png)

<use stickleback_paper.png>
Package pdftex.def Info: stickleback_paper.png used on input line 759.
(pdftex.def)             Requested size: 205.37926pt x 77.37996pt.
 [54

 <./stickleback_paper.png>]
<kemal3.jpg, id=1245, 1039.885pt x 693.59125pt>
File: kemal3.jpg Graphic file (type jpg)
 <use kemal3.jpg>
Package pdftex.def Info: kemal3.jpg used on input line 771.
(pdftex.def)             Requested size: 68.45801pt x 45.65651pt.

<Lucia_Profile.jpg, id=1246, 1003.75pt x 1003.75pt>
File: Lucia_Profile.jpg Graphic file (type jpg)
 <use Lucia_Profile.jpg>
Package pdftex.def Info: Lucia_Profile.jpg used on input line 771.
(pdftex.def)             Requested size: 68.45801pt x 68.44707pt.

<izhak_shafran.jpg, id=1247, 208.1376pt x 172.7253pt>
File: izhak_shafran.jpg Graphic file (type jpg)
 <use izhak_shafran.jpg>
Package pdftex.def Info: izhak_shafran.jpg used on input line 771.
(pdftex.def)             Requested size: 68.45801pt x 56.80975pt.

[55

 <./kemal3.jpg> <./Lucia_Profile.jpg> <./izhak_shafran.jpg>]

Package hyperref Warning: Token not allowed in a PDF string (PDFDocEncoding):
(hyperref)                removing `\translate ' on input line 773.

\c@finalframe=\count171
[56

] [57

] [58

] <runtimeByNodes.pdf, id=1274, 505.89pt x 505.89pt>
File: runtimeByNodes.pdf Graphic file (type pdf)

<use runtimeByNodes.pdf>
Package pdftex.def Info: runtimeByNodes.pdf used on input line 872.
(pdftex.def)             Requested size: 208.38885pt x 208.38478pt.
 [59

 <./runtimeByNodes.pdf>]
<runtime_by_windowSize.pdf, id=1286, 505.89pt x 505.89pt>
File: runtime_by_windowSize.pdf Graphic file (type pdf)

<use runtime_by_windowSize.pdf>
Package pdftex.def Info: runtime_by_windowSize.pdf used on input line 890.
(pdftex.def)             Requested size: 156.29164pt x 156.28958pt.

<breakpoint_resolution_by_windowSize.pdf, id=1287, 505.89pt x 505.89pt>
File: breakpoint_resolution_by_windowSize.pdf Graphic file (type pdf)

<use breakpoint_resolution_by_windowSize.pdf>
Package pdftex.def Info: breakpoint_resolution_by_windowSize.pdf used on input 
line 890.
(pdftex.def)             Requested size: 156.29164pt x 156.28958pt.
 [60

 <./runtime_by_windowSize.pdf> <./breakpoint_resolution_by_windowSize.pdf>]
\tf@nav=\write6
\openout6 = `defense.nav'.

\tf@toc=\write7
\openout7 = `defense.toc'.

\tf@snm=\write8
\openout8 = `defense.snm'.

Package atveryend Info: Empty hook `BeforeClearDocument' on input line 892.
Package atveryend Info: Empty hook `AfterLastShipout' on input line 892.
 (./defense.aux)
Package atveryend Info: Executing hook `AtVeryEndDocument' on input line 892.
Package atveryend Info: Executing hook `AtEndAfterFileList' on input line 892.
Package rerunfilecheck Info: File `defense.out' has not changed.
(rerunfilecheck)             Checksum: B0B0307B0F31446AAB96141404ECD2FA;522.


LaTeX Font Warning: Size substitutions with differences
(Font)              up to 1.25pt have occurred.

Package atveryend Info: Empty hook `AtVeryVeryEnd' on input line 892.
 ) 
Here is how much of TeX's memory you used:
 17018 strings out of 495035
 316696 string characters out of 6181625
 392840 words of memory out of 5000000
 19611 multiletter control sequences out of 15000+600000
 16476 words of font info for 64 fonts, out of 8000000 for 9000
 14 hyphenation exceptions out of 8191
 49i,16n,62p,420b,718s stack positions out of 5000i,500n,10000p,200000b,80000s
</opt/local/share/texmf-texlive/fonts/type1/public/amsfonts/cm/cmmi10.pfb></o
pt/local/share/texmf-texlive/fonts/type1/public/amsfonts/cm/cmmi6.pfb></opt/loc
al/share/texmf-texlive/fonts/type1/public/amsfonts/cm/cmmi7.pfb></opt/local/sha
re/texmf-texlive/fonts/type1/public/amsfonts/cm/cmss10.pfb></opt/local/share/te
xmf-texlive/fonts/type1/public/amsfonts/cm/cmss12.pfb></opt/local/share/texmf-t
exlive/fonts/type1/public/amsfonts/cm/cmss8.pfb></opt/local/share/texmf-texlive
/fonts/type1/public/amsfonts/cm/cmssbx10.pfb></opt/local/share/texmf-texlive/fo
nts/type1/public/amsfonts/cm/cmssi10.pfb></opt/local/share/texmf-texlive/fonts/
type1/public/amsfonts/cm/cmssi8.pfb></opt/local/share/texmf-texlive/fonts/type1
/public/amsfonts/cm/cmsy10.pfb></opt/local/share/texmf-texlive/fonts/type1/publ
ic/amsfonts/cm/cmsy7.pfb></opt/local/share/texmf-texlive/fonts/type1/public/ams
fonts/cm/cmtt10.pfb>
Output written on defense.pdf (60 pages, 5501612 bytes).
PDF statistics:
 1376 PDF objects out of 1440 (max. 8388607)
 931 compressed objects within 10 object streams
 128 named destinations out of 1000 (max. 500000)
 416 words of extra memory for PDF output out of 10000 (max. 10000000)

